Jan. 17, 2019 1:05:34 NACHM. Main startup
INFORMATION: Start;
Jan. 17, 2019 1:05:34 NACHM. window <init>
INFORMATION: Starte Threads für Fenster;
Jan. 17, 2019 1:05:34 NACHM. window <init>
INFORMATION: Threads für Fenster gestartet;
Jan. 17, 2019 1:05:34 NACHM. Main start
INFORMATION: Erzeuge Controller;
Jan. 17, 2019 1:05:35 NACHM. Objectleft loadObject
INFORMATION: Erzeuge Fenster;
Jan. 17, 2019 1:05:35 NACHM. Objectleft loadObject
INFORMATION: Erzeuge applet_old;
Jan. 17, 2019 1:05:35 NACHM. Objectback loadObject
INFORMATION: Erzeuge Fenster;
Jan. 17, 2019 1:05:35 NACHM. Objectback loadObject
INFORMATION: Erzeuge applet_old;
Jan. 17, 2019 1:05:35 NACHM. Object loadObject
INFORMATION: Erzeuge Fenster;
Jan. 17, 2019 1:05:35 NACHM. Object loadObject
INFORMATION: Erzeuge applet_old;
Jan. 17, 2019 1:05:35 NACHM. Objectright loadObject
INFORMATION: Erzeuge Fenster;
Jan. 17, 2019 1:05:35 NACHM. Objectright loadObject
INFORMATION: Erzeuge applet_old;
Jan. 17, 2019 1:05:36 NACHM. Main start
INFORMATION: Controller erzeugt;
Jan. 17, 2019 1:05:48 NACHM. Objectleft loadObject
INFORMATION: Fenster erzeugt;
Jan. 17, 2019 1:05:48 NACHM. Objectback loadObject
INFORMATION: Fenster erzeugt;
Jan. 17, 2019 1:05:48 NACHM. Object loadObject
INFORMATION: Fenster erzeugt;
Jan. 17, 2019 1:05:48 NACHM. Objectright loadObject
INFORMATION: Fenster erzeugt;
